<html>
<head>
<title>TestNG:  D:/TestNgTutorial/src/test/java/testngFramework</title>
<link href="../testng.css" rel="stylesheet" type="text/css" />
<link href="../my-testng.css" rel="stylesheet" type="text/css" />

<style type="text/css">
.log { display: none;} 
.stack-trace { display: none;} 
</style>
<script type="text/javascript">
<!--
function flip(e) {
  current = e.style.display;
  if (current == 'block') {
    e.style.display = 'none';
    return 0;
  }
  else {
    e.style.display = 'block';
    return 1;
  }
}

function toggleBox(szDivId, elem, msg1, msg2)
{
  var res = -1;  if (document.getElementById) {
    res = flip(document.getElementById(szDivId));
  }
  else if (document.all) {
    // this is the way old msie versions work
    res = flip(document.all[szDivId]);
  }
  if(elem) {
    if(res == 0) elem.innerHTML = msg1; else elem.innerHTML = msg2;
  }

}

function toggleAllBoxes() {
  if (document.getElementsByTagName) {
    d = document.getElementsByTagName('div');
    for (i = 0; i < d.length; i++) {
      if (d[i].className == 'log') {
        flip(d[i]);
      }
    }
  }
}

// -->
</script>

</head>
<body>
<h2 align='center'>D:/TestNgTutorial/src/test/java/testngFramework</h2><table border='1' align="center">
<tr>
<td>Tests passed/Failed/Skipped:</td><td>11/1/0</td>
</tr><tr>
<td>Started on:</td><td>Mon Apr 11 12:03:34 GMT+05:30 2022</td>
</tr>
<tr><td>Total time:</td><td>0 seconds (646 ms)</td>
</tr><tr>
<td>Included groups:</td><td></td>
</tr><tr>
<td>Excluded groups:</td><td></td>
</tr>
</table><p/>
<small><i>(Hover the method name to see the test class name)</i></small><p/>
<table width='100%' border='1' class='invocation-failed'>
<tr><td colspan='4' align='center'><b>FAILED TESTS</b></td></tr>
<tr><td><b>Test method</b></td>
<td width="30%"><b>Exception</b></td>
<td width="10%"><b>Time (seconds)</b></td>
<td><b>Instance</b></td>
</tr>
<tr>
<td title='testngFramework.Day2Tut.Demo6()'><b>Demo6</b><br>Test class: testngFramework.Day2Tut</td>
<td><div><pre>org.testng.TestNGException: 
Parameter &apos;URL1&apos; is required by @Test on method Demo6 but has not been marked @Optional or defined
in D:\TestNgTutorial\src\test\java\testngFramework\testng2.xml
	at org.testng.internal.Parameters.createParams(Parameters.java:267)
	at org.testng.internal.Parameters.createParametersForMethod(Parameters.java:355)
	at org.testng.internal.Parameters.createParameters(Parameters.java:660)
	at org.testng.internal.Parameters.handleParameters(Parameters.java:856)
	at org.testng.internal.Parameters.handleParameters(Parameters.java:704)
	at org.testng.internal.invokers.ParameterHandler.handleParameters(ParameterHandler.java:70)
	at org.testng.internal.invokers.ParameterHandler.createParameters(ParameterHandler.java:49)
	at org.testng.internal.invokers.TestInvoker$MethodInvocationAgent.invoke(TestInvoker.java:904)
	at org.testng.internal.invokers.TestInvoker.invokeTestMethods(TestInvoker.java:193)
	at org.testng.internal.invokers.TestMethodWorker.invokeTestMethods(TestMethodWorker.java:146)
	at org.testng.internal.invokers.TestMethodWorker.run(TestMethodWorker.java:128)
	at java.base/java.util.ArrayList.forEach(ArrayList.java:1511)
	at org.testng.TestRunner.privateRun(TestRunner.java:808)
	at org.testng.TestRunner.run(TestRunner.java:603)
	at org.testng.SuiteRunner.runTest(SuiteRunner.java:429)
	at org.testng.SuiteRunner.access$000(SuiteRunner.java:32)
	at org.testng.SuiteRunner$SuiteWorker.run(SuiteRunner.java:467)
	at org.testng.internal.thread.ThreadUtil.lambda$execute$0(ThreadUtil.java:58)
	at java.base/java.util.concurrent.FutureTask.run(FutureTask.java:264)
	at java.base/java.util.concurrent.ThreadPoolExecutor.runWorker(ThreadPoolExecutor.java:1130)
	at java.base/java.util.concurrent.ThreadPoolExecutor$Worker.run(ThreadPoolExecutor.java:630)
	at java.base/java.lang.Thread.run(Thread.java:831)
</pre></div><a href='#' onClick='toggleBox("stack-trace561109453", this, "Click to show all stack frames", "Click to hide stack frames")'>Click to show all stack frames</a>
<div class='stack-trace' id='stack-trace561109453'><pre>org.testng.TestNGException: 
Parameter &apos;URL1&apos; is required by @Test on method Demo6 but has not been marked @Optional or defined
in D:\TestNgTutorial\src\test\java\testngFramework\testng2.xml
	at org.testng.internal.Parameters.createParams(Parameters.java:267)
	at org.testng.internal.Parameters.createParametersForMethod(Parameters.java:355)
	at org.testng.internal.Parameters.createParameters(Parameters.java:660)
	at org.testng.internal.Parameters.handleParameters(Parameters.java:856)
	at org.testng.internal.Parameters.handleParameters(Parameters.java:704)
	at org.testng.internal.invokers.ParameterHandler.handleParameters(ParameterHandler.java:70)
	at org.testng.internal.invokers.ParameterHandler.createParameters(ParameterHandler.java:49)
	at org.testng.internal.invokers.TestInvoker$MethodInvocationAgent.invoke(TestInvoker.java:904)
	at org.testng.internal.invokers.TestInvoker.invokeTestMethods(TestInvoker.java:193)
	at org.testng.internal.invokers.TestMethodWorker.invokeTestMethods(TestMethodWorker.java:146)
	at org.testng.internal.invokers.TestMethodWorker.run(TestMethodWorker.java:128)
	at java.base/java.util.ArrayList.forEach(ArrayList.java:1511)
	at org.testng.TestRunner.privateRun(TestRunner.java:808)
	at org.testng.TestRunner.run(TestRunner.java:603)
	at org.testng.SuiteRunner.runTest(SuiteRunner.java:429)
	at org.testng.SuiteRunner.access$000(SuiteRunner.java:32)
	at org.testng.SuiteRunner$SuiteWorker.run(SuiteRunner.java:467)
	at org.testng.internal.thread.ThreadUtil.lambda$execute$0(ThreadUtil.java:58)
	at java.base/java.util.concurrent.FutureTask.run(FutureTask.java:264)
	at java.base/java.util.concurrent.ThreadPoolExecutor.runWorker(ThreadPoolExecutor.java:1130)
	at java.base/java.util.concurrent.ThreadPoolExecutor$Worker.run(ThreadPoolExecutor.java:630)
	at java.base/java.lang.Thread.run(Thread.java:831)
</pre></div></td>
<td>0</td>
<td>testngFramework.Day2Tut@7fc2413d</td></tr>
</table><p>
<table width='100%' border='1' class='invocation-passed'>
<tr><td colspan='4' align='center'><b>PASSED TESTS</b></td></tr>
<tr><td><b>Test method</b></td>
<td width="30%"><b>Exception</b></td>
<td width="10%"><b>Time (seconds)</b></td>
<td><b>Instance</b></td>
</tr>
<tr>
<td title='testngFramework.Day2Tut.Demom3()'><b>Demom3</b><br>Test class: testngFramework.Day2Tut</td>
<td></td>
<td>0</td>
<td>testngFramework.Day2Tut@7fc2413d</td></tr>
<tr>
<td title='testngFramework.Day1Tut.Demo7()'><b>Demo7</b><br>Test class: testngFramework.Day1Tut<br>Parameters: Thirdname, Password3</td>
<td></td>
<td>0</td>
<td>testngFramework.Day1Tut@b62fe6d</td></tr>
<tr>
<td title='testngFramework.Day2Tut.Demom5()'><b>Demom5</b><br>Test class: testngFramework.Day2Tut</td>
<td></td>
<td>0</td>
<td>testngFramework.Day2Tut@7fc2413d</td></tr>
<tr>
<td title='testngFramework.Day2Tut.Demom2()'><b>Demom2</b><br>Test class: testngFramework.Day2Tut</td>
<td></td>
<td>0</td>
<td>testngFramework.Day2Tut@7fc2413d</td></tr>
<tr>
<td title='testngFramework.Day1Tut.m1()'><b>m1</b><br>Test class: testngFramework.Day1Tut</td>
<td></td>
<td>0</td>
<td>testngFramework.Day1Tut@b62fe6d</td></tr>
<tr>
<td title='testngFramework.Day2Tut.Demom4()'><b>Demom4</b><br>Test class: testngFramework.Day2Tut</td>
<td></td>
<td>0</td>
<td>testngFramework.Day2Tut@7fc2413d</td></tr>
<tr>
<td title='testngFramework.Day3.myclass()'><b>myclass</b><br>Test class: testngFramework.Day3</td>
<td></td>
<td>0</td>
<td>testngFramework.Day3@f8c1ddd</td></tr>
<tr>
<td title='testngFramework.Day1Tut.Demo7()'><b>Demo7</b><br>Test class: testngFramework.Day1Tut<br>Parameters: Secondname, Password2</td>
<td></td>
<td>0</td>
<td>testngFramework.Day1Tut@b62fe6d</td></tr>
<tr>
<td title='testngFramework.Day1Tut.Demo7()'><b>Demo7</b><br>Test class: testngFramework.Day1Tut<br>Parameters: Firstname, Password</td>
<td></td>
<td>0</td>
<td>testngFramework.Day1Tut@b62fe6d</td></tr>
<tr>
<td title='testngFramework.Day1Tut.m2()'><b>m2</b><br>Test class: testngFramework.Day1Tut</td>
<td></td>
<td>0</td>
<td>testngFramework.Day1Tut@b62fe6d</td></tr>
<tr>
<td title='testngFramework.Day3.mydivision()'><b>mydivision</b><br>Test class: testngFramework.Day3</td>
<td></td>
<td>0</td>
<td>testngFramework.Day3@f8c1ddd</td></tr>
</table><p>
</body>
</html>