<?xml version="1.0" encoding="UTF-8"?>
<!-- Generated by org.testng.reporters.JUnitXMLReporter -->
<testsuite ignored="2" hostname="QA-RYADAV01" failures="1" tests="12" name="D:/TestNgTutorial/src/test/java/testngFramework" time="0.646" errors="0" timestamp="2022-04-11T12:03:35 GMT+05:30">
  <testcase classname="testngFramework.Day1Tut" name="Demo7" time="0.004"/>
  <testcase classname="testngFramework.Day1Tut" name="Demo7" time="0.003"/>
  <testcase classname="testngFramework.Day1Tut" name="Demo7" time="0.006"/>
  <testcase classname="testngFramework.Day1Tut" name="m1" time="0.003"/>
  <testcase classname="testngFramework.Day1Tut" name="m2" time="0.002"/>
  <testcase classname="testngFramework.Day2Tut" name="Demo6" time="0.0">
    <failure type="org.testng.TestNGException" message="
Parameter &amp;apos;URL1&amp;apos; is required by @Test on method Demo6 but has not been marked @Optional or defined
in D:\TestNgTutorial\src\test\java\testngFramework\testng2.xml">
      <![CDATA[org.testng.TestNGException: 
Parameter 'URL1' is required by @Test on method Demo6 but has not been marked @Optional or defined
in D:\TestNgTutorial\src\test\java\testngFramework\testng2.xml
at org.testng.internal.Parameters.createParams(Parameters.java:267)
at org.testng.internal.Parameters.createParametersForMethod(Parameters.java:355)
at org.testng.internal.Parameters.createParameters(Parameters.java:660)
at org.testng.internal.Parameters.handleParameters(Parameters.java:856)
at org.testng.internal.Parameters.handleParameters(Parameters.java:704)
at org.testng.internal.invokers.ParameterHandler.handleParameters(ParameterHandler.java:70)
at org.testng.internal.invokers.ParameterHandler.createParameters(ParameterHandler.java:49)
at org.testng.internal.invokers.TestInvoker$MethodInvocationAgent.invoke(TestInvoker.java:904)
at org.testng.internal.invokers.TestInvoker.invokeTestMethods(TestInvoker.java:193)
at org.testng.internal.invokers.TestMethodWorker.invokeTestMethods(TestMethodWorker.java:146)
at org.testng.internal.invokers.TestMethodWorker.run(TestMethodWorker.java:128)
at java.base/java.util.ArrayList.forEach(ArrayList.java:1511)
at org.testng.TestRunner.privateRun(TestRunner.java:808)
at org.testng.TestRunner.run(TestRunner.java:603)
at org.testng.SuiteRunner.runTest(SuiteRunner.java:429)
at org.testng.SuiteRunner.access$000(SuiteRunner.java:32)
at org.testng.SuiteRunner$SuiteWorker.run(SuiteRunner.java:467)
at org.testng.internal.thread.ThreadUtil.lambda$execute$0(ThreadUtil.java:58)
at java.base/java.util.concurrent.FutureTask.run(FutureTask.java:264)
at java.base/java.util.concurrent.ThreadPoolExecutor.runWorker(ThreadPoolExecutor.java:1130)
at java.base/java.util.concurrent.ThreadPoolExecutor$Worker.run(ThreadPoolExecutor.java:630)
at java.base/java.lang.Thread.run(Thread.java:831)
]]>
    </failure>
  </testcase> <!-- Demo6 -->
  <testcase classname="testngFramework.Day2Tut" name="Demom3" time="0.014"/>
  <testcase classname="testngFramework.Day2Tut" name="Demom4" time="0.102"/>
  <testcase classname="testngFramework.Day2Tut" name="Demom5" time="0.001"/>
  <testcase classname="testngFramework.Day3" name="mydivision" time="0.002"/>
  <testcase classname="testngFramework.Day2Tut" name="Demom2" time="0.002"/>
  <testcase classname="testngFramework.Day3" name="myclass" time="0.003"/>
  <testcase classname="testngFramework.Day3" name="mycolllage" time="0.0">
    <ignored/>
  </testcase> <!-- mycolllage -->
  <testcase classname="testngFramework.Day2Tut" name="Demom1" time="0.0">
    <ignored/>
  </testcase> <!-- Demom1 -->
</testsuite> <!-- D:/TestNgTutorial/src/test/java/testngFramework -->
