<?xml version="1.0" encoding="UTF-8"?>
<!-- Generated by org.testng.reporters.JUnitReportReporter -->
<testsuite hostname="QA-RYADAV01" failures="0" tests="6" name="testngFramework.Day2Tut" time="0.156" errors="1" timestamp="2022-04-11T12:03:38 GMT+05:30" skipped="1">
  <testcase classname="testngFramework.Day2Tut" name="Demom3" time="0.019"/>
  <system-out/>
  <testcase classname="testngFramework.Day2Tut" name="Demom5" time="0.004"/>
  <system-out/>
  <testcase classname="testngFramework.Day2Tut" name="Demom2" time="0.019"/>
  <system-out/>
  <testcase classname="testngFramework.Day2Tut" name="Demom4" time="0.114"/>
  <system-out/>
  <testcase classname="testngFramework.Day2Tut" name="Demo6" time="0.000">
    <error message="
Parameter &#039;URL1&#039; is required by @Test on method Demo6 but has not been marked @Optional or defined
in D:\TestNgTutorial\src\test\java\testngFramework\testng2.xml" type="org.testng.TestNGException">
      <![CDATA[org.testng.TestNGException: 
Parameter 'URL1' is required by @Test on method Demo6 but has not been marked @Optional or defined
in D:\TestNgTutorial\src\test\java\testngFramework\testng2.xml
at org.testng.internal.Parameters.createParams(Parameters.java:267)
at org.testng.internal.Parameters.createParametersForMethod(Parameters.java:355)
at org.testng.internal.Parameters.createParameters(Parameters.java:660)
at org.testng.internal.Parameters.handleParameters(Parameters.java:856)
at org.testng.internal.Parameters.handleParameters(Parameters.java:704)
at org.testng.internal.invokers.ParameterHandler.handleParameters(ParameterHandler.java:70)
at org.testng.internal.invokers.ParameterHandler.createParameters(ParameterHandler.java:49)
at org.testng.internal.invokers.TestInvoker$MethodInvocationAgent.invoke(TestInvoker.java:904)
at org.testng.internal.invokers.TestInvoker.invokeTestMethods(TestInvoker.java:193)
at org.testng.internal.invokers.TestMethodWorker.invokeTestMethods(TestMethodWorker.java:146)
at org.testng.internal.invokers.TestMethodWorker.run(TestMethodWorker.java:128)
at java.base/java.util.ArrayList.forEach(ArrayList.java:1511)
at org.testng.TestRunner.privateRun(TestRunner.java:808)
at org.testng.TestRunner.run(TestRunner.java:603)
at org.testng.SuiteRunner.runTest(SuiteRunner.java:429)
at org.testng.SuiteRunner.access$000(SuiteRunner.java:32)
at org.testng.SuiteRunner$SuiteWorker.run(SuiteRunner.java:467)
at org.testng.internal.thread.ThreadUtil.lambda$execute$0(ThreadUtil.java:58)
at java.base/java.util.concurrent.FutureTask.run(FutureTask.java:264)
at java.base/java.util.concurrent.ThreadPoolExecutor.runWorker(ThreadPoolExecutor.java:1130)
at java.base/java.util.concurrent.ThreadPoolExecutor$Worker.run(ThreadPoolExecutor.java:630)
at java.base/java.lang.Thread.run(Thread.java:831)
]]>
    </error>
  </testcase> <!-- Demo6 -->
  <system-out/>
  <testcase classname="testngFramework.Day2Tut" name="Demom1">
    <skipped/>
  </testcase> <!-- Demom1 -->
  <system-out/>
</testsuite> <!-- testngFramework.Day2Tut -->
